<?xml version="1.0" encoding="UTF-8"?>
<testsuite name="Sumatoria total de articulos agregados" tests="1" skipped="0" failures="0" errors="0" timestamp="2022-04-09T21:18:13" hostname="PCSANTI" time="19.471">
  <properties/>
  <testcase name="Validar la sumatoria total de los articulos agregados" classname="Sumatoria total de articulos agregados" time="19.471"/>
  <system-out><![CDATA[


































]]></system-out>
  <system-err><![CDATA[[Test worker] INFO net.thucydides.core.steps.ConsoleLoggingListener - STARTING STEP Dado que el usuario este en la pagina principal de CLOTHESSTORE
Starting ChromeDriver 99.0.4844.51 (d537ec02474b5afe23684e7963d538896c63ac77-refs/branch-heads/4844@{#875}) on port 24872
Only local connections are allowed.
Please see https://chromedriver.chromium.org/security-considerations for suggestions on keeping ChromeDriver safe.
ChromeDriver was started successfully.
[1649539095.017][WARNING]: This version of ChromeDriver has not been tested with Chrome version 100.
abr 09, 2022 4:18:15 PM org.openqa.selenium.remote.ProtocolHandshake createSession
INFORMACIÃ“N: Detected dialect: W3C
[Test worker] INFO net.thucydides.core.steps.ConsoleLoggingListener - FINISHING STEP
[Test worker] INFO net.thucydides.core.steps.ConsoleLoggingListener - STARTING STEP Cuando el agrega varios productos de diferentes categorias
| Hombre |
| Mujer |
| Junior |
[Test worker] INFO net.thucydides.core.steps.ConsoleLoggingListener - STARTING STEP Andres agregar varios articulos al carrito
[Test worker] INFO net.thucydides.core.steps.ConsoleLoggingListener - STARTING STEP Andres agregar articulo de #genero
[Test worker] INFO net.thucydides.core.steps.ConsoleLoggingListener - STARTING STEP Andres clicks on Seccion
[Test worker] INFO net.thucydides.core.steps.ConsoleLoggingListener - FINISHING STEP
[Test worker] INFO net.thucydides.core.steps.ConsoleLoggingListener - STARTING STEP Andres clicks on Producto
[Test worker] INFO net.thucydides.core.steps.ConsoleLoggingListener - FINISHING STEP
[Test worker] INFO net.thucydides.core.steps.ConsoleLoggingListener - STARTING STEP Andres clicks on Carrito de compras
[Test worker] INFO net.thucydides.core.steps.ConsoleLoggingListener - FINISHING STEP
[Test worker] INFO net.thucydides.core.steps.ConsoleLoggingListener - FINISHING STEP
[Test worker] INFO net.thucydides.core.steps.ConsoleLoggingListener - STARTING STEP Andres agregar articulo de #genero
[Test worker] INFO net.thucydides.core.steps.ConsoleLoggingListener - STARTING STEP Andres clicks on Seccion
[Test worker] INFO net.thucydides.core.steps.ConsoleLoggingListener - FINISHING STEP
[Test worker] INFO net.thucydides.core.steps.ConsoleLoggingListener - STARTING STEP Andres clicks on Producto
[Test worker] INFO net.thucydides.core.steps.ConsoleLoggingListener - FINISHING STEP
[Test worker] INFO net.thucydides.core.steps.ConsoleLoggingListener - STARTING STEP Andres clicks on Carrito de compras
[Test worker] INFO net.thucydides.core.steps.ConsoleLoggingListener - FINISHING STEP
[Test worker] INFO net.thucydides.core.steps.ConsoleLoggingListener - FINISHING STEP
[Test worker] INFO net.thucydides.core.steps.ConsoleLoggingListener - STARTING STEP Andres agregar articulo de #genero
[Test worker] INFO net.thucydides.core.steps.ConsoleLoggingListener - STARTING STEP Andres clicks on Seccion
[Test worker] INFO net.thucydides.core.steps.ConsoleLoggingListener - FINISHING STEP
[Test worker] INFO net.thucydides.core.steps.ConsoleLoggingListener - STARTING STEP Andres clicks on Producto
[Test worker] INFO net.thucydides.core.steps.ConsoleLoggingListener - FINISHING STEP
[Test worker] INFO net.thucydides.core.steps.ConsoleLoggingListener - STARTING STEP Andres clicks on Carrito de compras
[Test worker] INFO net.thucydides.core.steps.ConsoleLoggingListener - FINISHING STEP
[Test worker] INFO net.thucydides.core.steps.ConsoleLoggingListener - FINISHING STEP
[Test worker] INFO net.thucydides.core.steps.ConsoleLoggingListener - FINISHING STEP
[Test worker] INFO net.thucydides.core.steps.ConsoleLoggingListener - STARTING STEP Andres sumar total a pagar
[Test worker] INFO net.thucydides.core.steps.ConsoleLoggingListener - FINISHING STEP
[Test worker] INFO net.thucydides.core.steps.ConsoleLoggingListener - FINISHING STEP
[Test worker] INFO net.thucydides.core.steps.ConsoleLoggingListener - STARTING STEP Entonces el visualizara el total a pagar correctamente
[Test worker] INFO net.thucydides.core.steps.ConsoleLoggingListener - STARTING STEP Then {0} validar total a pagar de los productos agregados al carrito should be '142555'
[Test worker] INFO net.thucydides.core.steps.ConsoleLoggingListener - FINISHING STEP
[Test worker] INFO net.thucydides.core.steps.ConsoleLoggingListener - FINISHING STEP
[Test worker] INFO net.thucydides.core.steps.ConsoleLoggingListener - 
        __    _____ _____ ____ _____   ____   _    ____  ____  _____ ____  
  _     \ \  |_   _| ____/ ___|_   _| |  _ \ / \  / ___|/ ___|| ____|  _ \ 
 (_)_____| |   | | |  _| \___ \ | |   | |_) / _ \ \___ \\___ \|  _| | | | |
  _|_____| |   | | | |___ ___) || |   |  __/ ___ \ ___) |___) | |___| |_| |
 (_)     | |   |_| |_____|____/ |_|   |_| /_/   \_\____/|____/|_____|____/ 
        /_/                                                                

TEST PASSED: Validar la sumatoria total de los articulos agregados
----------------------------------------------------------------------------
]]></system-err>
</testsuite>
